<testsuites id="" name="" tests="1" failures="1" skipped="0" errors="0" time="30.968">
<testsuite name="tests\login\login.spec.ts" timestamp="1630258045063" hostname="" tests="1" failures="1" skipped="0" time="30.076" errors="0">
<testcase name="two tests should login" classname="[login] › tests\login\login.spec.ts:7:5 › two tests should login" time="30.076">
<failure message="login.spec.ts:7:5 should login" type="FAILURE">
  [login] › tests\login\login.spec.ts:7:5 › two tests should login =================================

    Timeout of 30000ms exceeded.

    Pending operations:
      - page.fill at Driver.ts:52:28

    page.fill: Protocol error (Runtime.callFunctionOn): Target closed.
    =========================== logs ===========================
    waiting for selector "#Passworddd"
    ============================================================

       9 |         await Driver.goto("https://redaction.beta.vidizmo.com");
      10 |         await Driver.fill("#EmailAddress","reaction@sharklasers.com");
    > 11 |         await Driver.fill("#Passworddd","Admin@123");     
         |                      ^
      12 |         //await Driver.click('#Signin');
      13 |         await Driver.waitForSelector('[data-e2e-userprofileid="579661"]');
      14 |         await page.context().storageState({ path: 'state.json' });

        at Function.fill (C:\Users\Fahad\Documents\playwright\playwrighttest\Driver.ts:52:28)
        at C:\Users\Fahad\Documents\playwright\playwrighttest\tests\login\login.spec.ts:11:22
        at WorkerRunner._runTestWithBeforeHooks (C:\Users\Fahad\Documents\playwright\playwrighttest\node_modules\@playwright\test\lib\test\workerRunner.js:426:7)

</failure>
</testcase>
</testsuite>
</testsuites>